{
  "stats": {
    "suites": 12,
    "tests": 41,
    "passes": 23,
    "pending": 0,
    "failures": 18,
    "start": "2022-07-05T16:28:03.956Z",
    "end": "2022-07-05T16:29:38.861Z",
    "duration": 94905,
    "testsRegistered": 41,
    "passPercent": 56.09756097560976,
    "pendingPercent": 0,
    "other": 0,
    "hasOther": false,
    "skipped": 0,
    "hasSkipped": false
  },
  "results": [
    {
      "uuid": "594115b6-6ed9-47c7-9969-3f194d15b9cb",
      "title": "",
      "fullFile": "cypress/integration/project.spec.js",
      "file": "cypress/integration/project.spec.js",
      "beforeHooks": [],
      "afterHooks": [],
      "tests": [],
      "suites": [
        {
          "uuid": "83af1b6f-d9aa-4fb0-bf41-83e012fa6914",
          "title": "1 - Adicione à página o título \"Paleta de Cores\".",
          "fullFile": "",
          "file": "",
          "beforeHooks": [],
          "afterHooks": [],
          "tests": [
            {
              "title": "Verifica se contém um elemento `h1` com o id `title` com o título correto",
              "fullTitle": "1 - Adicione à página o título \"Paleta de Cores\". Verifica se contém um elemento `h1` com o id `title` com o título correto",
              "timedOut": null,
              "duration": 134,
              "state": "passed",
              "speed": "slow",
              "pass": true,
              "fail": false,
              "pending": false,
              "context": null,
              "code": "cy.get('h1#title').should('contain.text', 'Paleta de Cores');",
              "err": {},
              "uuid": "8598e9e2-87fb-4afc-8239-01d59e890d2e",
              "parentUUID": "83af1b6f-d9aa-4fb0-bf41-83e012fa6914",
              "isHook": false,
              "skipped": false
            }
          ],
          "suites": [],
          "passes": [
            "8598e9e2-87fb-4afc-8239-01d59e890d2e"
          ],
          "failures": [],
          "pending": [],
          "skipped": [],
          "duration": 134,
          "root": false,
          "rootEmpty": false,
          "_timeout": 2000
        },
        {
          "uuid": "c905f57f-fd96-47c4-81ed-bf1848e1a7cc",
          "title": "2 - Adicione à página uma paleta de quatro cores distintas.",
          "fullFile": "",
          "file": "",
          "beforeHooks": [],
          "afterHooks": [],
          "tests": [
            {
              "title": "A paleta de cores deve ser um elemento com `id` denominado `color-palette` e ter mais de 0px de altura e de largura.",
              "fullTitle": "2 - Adicione à página uma paleta de quatro cores distintas. A paleta de cores deve ser um elemento com `id` denominado `color-palette` e ter mais de 0px de altura e de largura.",
              "timedOut": null,
              "duration": 113,
              "state": "passed",
              "speed": "slow",
              "pass": true,
              "fail": false,
              "pending": false,
              "context": null,
              "code": "cy.get('#color-palette').should('be.visible');\ncy.get('#color-palette').children('.color');",
              "err": {},
              "uuid": "85a1bb67-3c5d-47aa-a993-60385fa09b7b",
              "parentUUID": "c905f57f-fd96-47c4-81ed-bf1848e1a7cc",
              "isHook": false,
              "skipped": false
            },
            {
              "title": "Verifica se cada cor individual da paleta de cores possui a `classe` chamada `color`.",
              "fullTitle": "2 - Adicione à página uma paleta de quatro cores distintas. Verifica se cada cor individual da paleta de cores possui a `classe` chamada `color`.",
              "timedOut": null,
              "duration": 102,
              "state": "passed",
              "speed": "slow",
              "pass": true,
              "fail": false,
              "pending": false,
              "context": null,
              "code": "cy.get('.color').should('have.length', 4).then(function (colors) {\n  for (var i = 0; i < colors.length; i++) {\n    cy.wrap(colors[i]).should('be.visible');\n  }\n});",
              "err": {},
              "uuid": "685dfc7a-15b8-4df2-b367-7e3e6e4e39a5",
              "parentUUID": "c905f57f-fd96-47c4-81ed-bf1848e1a7cc",
              "isHook": false,
              "skipped": false
            },
            {
              "title": "Verifica se a cor de fundo de cada elemento da paleta é a cor que o elemento representa. **A única cor não permitida na paleta é a cor branca.**",
              "fullTitle": "2 - Adicione à página uma paleta de quatro cores distintas. Verifica se a cor de fundo de cada elemento da paleta é a cor que o elemento representa. **A única cor não permitida na paleta é a cor branca.**",
              "timedOut": null,
              "duration": 95,
              "state": "passed",
              "speed": "slow",
              "pass": true,
              "fail": false,
              "pending": false,
              "context": null,
              "code": "cy.get('.color').each(function (color) {\n  cy.wrap(color).should('have.class', 'color').and('not.have.css', 'background-color', WHITE);\n  cy.wrap(color).should('have.css', 'background-color');\n});",
              "err": {},
              "uuid": "0ab8d44b-326c-4018-a5ac-25e27f33a3eb",
              "parentUUID": "c905f57f-fd96-47c4-81ed-bf1848e1a7cc",
              "isHook": false,
              "skipped": false
            },
            {
              "title": "Verifica se cada elemento da paleta de cores tem uma borda preta, sólida e com 1 pixel de largura;",
              "fullTitle": "2 - Adicione à página uma paleta de quatro cores distintas. Verifica se cada elemento da paleta de cores tem uma borda preta, sólida e com 1 pixel de largura;",
              "timedOut": null,
              "duration": 91,
              "state": "passed",
              "speed": "slow",
              "pass": true,
              "fail": false,
              "pending": false,
              "context": null,
              "code": "cy.get('.color').each(function (color) {\n  cy.wrap(color).and('have.css', 'border', \"1px solid \".concat(BLACK)).and('have.class', 'color');\n});",
              "err": {},
              "uuid": "c9cf8419-7414-46c1-8a4e-0bfd96523034",
              "parentUUID": "c905f57f-fd96-47c4-81ed-bf1848e1a7cc",
              "isHook": false,
              "skipped": false
            },
            {
              "title": "Verifica se a paleta lista todas as cores disponíveis para utilização, lado a lado.",
              "fullTitle": "2 - Adicione à página uma paleta de quatro cores distintas. Verifica se a paleta lista todas as cores disponíveis para utilização, lado a lado.",
              "timedOut": null,
              "duration": 99,
              "state": "passed",
              "speed": "slow",
              "pass": true,
              "fail": false,
              "pending": false,
              "context": null,
              "code": "cy.get('.color').then(function (colors) {\n  for (var index = 1; index < colors.length; index += 1) {\n    var currentColor = colors[index];\n    var previousColor = colors[index - 1];\n    cy.wrap(currentColor).should('be.onTheRightOf', previousColor).and('be.horizontallyAlignedWith', previousColor);\n  }\n});",
              "err": {},
              "uuid": "4c9de969-f7c9-4a57-8904-348574a3fe25",
              "parentUUID": "c905f57f-fd96-47c4-81ed-bf1848e1a7cc",
              "isHook": false,
              "skipped": false
            },
            {
              "title": "Verifica se a paleta de cores está posicionada abaixo do título 'Paleta de Cores'",
              "fullTitle": "2 - Adicione à página uma paleta de quatro cores distintas. Verifica se a paleta de cores está posicionada abaixo do título 'Paleta de Cores'",
              "timedOut": null,
              "duration": 110,
              "state": "passed",
              "speed": "slow",
              "pass": true,
              "fail": false,
              "pending": false,
              "context": null,
              "code": "cy.get('h1#title').then(function (title) {\n  cy.get('#color-palette').should('be.belowOf', title);\n});",
              "err": {},
              "uuid": "80563523-69a7-4cae-bd58-90dd4f5e55aa",
              "parentUUID": "c905f57f-fd96-47c4-81ed-bf1848e1a7cc",
              "isHook": false,
              "skipped": false
            },
            {
              "title": "Verifica se a paleta de cores não contém cores repetidas.",
              "fullTitle": "2 - Adicione à página uma paleta de quatro cores distintas. Verifica se a paleta de cores não contém cores repetidas.",
              "timedOut": null,
              "duration": 112,
              "state": "passed",
              "speed": "slow",
              "pass": true,
              "fail": false,
              "pending": false,
              "context": null,
              "code": "cy.get('.color').then(function (colors) {\n  var allColors = Array.from(colors).map(function (color) {\n    return Cypress.$(color).css('background-color');\n  });\n  cy.log(allColors);\n  var uniqColors = (0, _toConsumableArray2[\"default\"])(new Set(allColors));\n  cy.log(uniqColors);\n  expect(allColors.length).to.eq(uniqColors.length);\n});",
              "err": {},
              "uuid": "7db9e788-e565-4d1b-996c-ac0f514292a7",
              "parentUUID": "c905f57f-fd96-47c4-81ed-bf1848e1a7cc",
              "isHook": false,
              "skipped": false
            }
          ],
          "suites": [],
          "passes": [
            "85a1bb67-3c5d-47aa-a993-60385fa09b7b",
            "685dfc7a-15b8-4df2-b367-7e3e6e4e39a5",
            "0ab8d44b-326c-4018-a5ac-25e27f33a3eb",
            "c9cf8419-7414-46c1-8a4e-0bfd96523034",
            "4c9de969-f7c9-4a57-8904-348574a3fe25",
            "80563523-69a7-4cae-bd58-90dd4f5e55aa",
            "7db9e788-e565-4d1b-996c-ac0f514292a7"
          ],
          "failures": [],
          "pending": [],
          "skipped": [],
          "duration": 722,
          "root": false,
          "rootEmpty": false,
          "_timeout": 2000
        },
        {
          "uuid": "af26cb80-45d4-4ec5-bf37-e6945314c674",
          "title": "3 - Adicione a cor **preta** como a primeira cor da paleta de cores.",
          "fullFile": "",
          "file": "",
          "beforeHooks": [],
          "afterHooks": [],
          "tests": [
            {
              "title": "Verifica se a primeira cor da paleta é preta",
              "fullTitle": "3 - Adicione a cor **preta** como a primeira cor da paleta de cores. Verifica se a primeira cor da paleta é preta",
              "timedOut": null,
              "duration": 69,
              "state": "passed",
              "speed": "medium",
              "pass": true,
              "fail": false,
              "pending": false,
              "context": null,
              "code": "cy.get('.color').first().should('have.css', 'background-color', BLACK);",
              "err": {},
              "uuid": "7227f934-00b8-4204-9964-5acee9d0b29e",
              "parentUUID": "af26cb80-45d4-4ec5-bf37-e6945314c674",
              "isHook": false,
              "skipped": false
            },
            {
              "title": "Verifica se as demais cores podem ser escolhidas livremente.",
              "fullTitle": "3 - Adicione a cor **preta** como a primeira cor da paleta de cores. Verifica se as demais cores podem ser escolhidas livremente.",
              "timedOut": null,
              "duration": 148,
              "state": "passed",
              "speed": "slow",
              "pass": true,
              "fail": false,
              "pending": false,
              "context": null,
              "code": "cy.get('.color').eq(1).should('not.have.css', 'background-color', BLACK);\ncy.get('.color').eq(1).should('not.have.css', 'background-color', WHITE);\ncy.get('.color').eq(1).should('not.have.css', 'background-color', 'rgba(0, 0, 0, 0)');\ncy.get('.color').eq(1).should('have.css', 'background-color');\ncy.get('.color').eq(2).should('not.have.css', 'background-color', BLACK);\ncy.get('.color').eq(2).should('not.have.css', 'background-color', WHITE);\ncy.get('.color').eq(2).should('not.have.css', 'background-color', 'rgba(0, 0, 0, 0)');\ncy.get('.color').eq(2).should('have.css', 'background-color');\ncy.get('.color').eq(3).should('not.have.css', 'background-color', BLACK);\ncy.get('.color').eq(3).should('not.have.css', 'background-color', WHITE);\ncy.get('.color').eq(3).should('not.have.css', 'background-color', 'rgba(0, 0, 0, 0)');\ncy.get('.color').eq(3).should('have.css', 'background-color');",
              "err": {},
              "uuid": "ed0339dd-1cc8-48af-bc14-93f55e3ae52f",
              "parentUUID": "af26cb80-45d4-4ec5-bf37-e6945314c674",
              "isHook": false,
              "skipped": false
            }
          ],
          "suites": [],
          "passes": [
            "7227f934-00b8-4204-9964-5acee9d0b29e",
            "ed0339dd-1cc8-48af-bc14-93f55e3ae52f"
          ],
          "failures": [],
          "pending": [],
          "skipped": [],
          "duration": 217,
          "root": false,
          "rootEmpty": false,
          "_timeout": 2000
        },
        {
          "uuid": "b303edef-322b-4f21-ab94-cb85217bee66",
          "title": "4 - Adicione à página um quadro de pixels, com 25 pixels.",
          "fullFile": "",
          "file": "",
          "beforeHooks": [],
          "afterHooks": [],
          "tests": [
            {
              "title": "Verifica se o quadro de pixels possui o `id` denominado `pixel-board`",
              "fullTitle": "4 - Adicione à página um quadro de pixels, com 25 pixels. Verifica se o quadro de pixels possui o `id` denominado `pixel-board`",
              "timedOut": null,
              "duration": 60,
              "state": "passed",
              "speed": "medium",
              "pass": true,
              "fail": false,
              "pending": false,
              "context": null,
              "code": "cy.get('#pixel-board').should('be.visible');",
              "err": {},
              "uuid": "10b0370b-b762-4e16-b84a-e9f1007c2cef",
              "parentUUID": "b303edef-322b-4f21-ab94-cb85217bee66",
              "isHook": false,
              "skipped": false
            },
            {
              "title": "Verifica se cada pixel individual dentro do quadro possui a `classe` denominada `pixel`.",
              "fullTitle": "4 - Adicione à página um quadro de pixels, com 25 pixels. Verifica se cada pixel individual dentro do quadro possui a `classe` denominada `pixel`.",
              "timedOut": null,
              "duration": 85,
              "state": "passed",
              "speed": "slow",
              "pass": true,
              "fail": false,
              "pending": false,
              "context": null,
              "code": "cy.get('.pixel').should('have.length', 25);",
              "err": {},
              "uuid": "6a5b9333-9515-42bc-9383-a19c45752b3d",
              "parentUUID": "b303edef-322b-4f21-ab94-cb85217bee66",
              "isHook": false,
              "skipped": false
            },
            {
              "title": "Verifica se a cor inicial dos pixels dentro do quadro, ao abrir a página, é branca.",
              "fullTitle": "4 - Adicione à página um quadro de pixels, com 25 pixels. Verifica se a cor inicial dos pixels dentro do quadro, ao abrir a página, é branca.",
              "timedOut": null,
              "duration": 134,
              "state": "passed",
              "speed": "slow",
              "pass": true,
              "fail": false,
              "pending": false,
              "context": null,
              "code": "cy.get('.pixel').should('have.length', 25).each(function (pixel) {\n  expect(pixel).to.have.css('background-color', WHITE);\n});",
              "err": {},
              "uuid": "b93dc384-bb39-492c-be58-c27203c4e6b2",
              "parentUUID": "b303edef-322b-4f21-ab94-cb85217bee66",
              "isHook": false,
              "skipped": false
            },
            {
              "title": "Verifica se o quadro de pixels aparece abaixo da paleta de cores",
              "fullTitle": "4 - Adicione à página um quadro de pixels, com 25 pixels. Verifica se o quadro de pixels aparece abaixo da paleta de cores",
              "timedOut": null,
              "duration": 70,
              "state": "passed",
              "speed": "medium",
              "pass": true,
              "fail": false,
              "pending": false,
              "context": null,
              "code": "cy.get('#color-palette').then(function (palette) {\n  cy.get('#pixel-board').should('be.belowOf', palette);\n});",
              "err": {},
              "uuid": "6d7ed755-2faf-4104-8020-867e90da7c54",
              "parentUUID": "b303edef-322b-4f21-ab94-cb85217bee66",
              "isHook": false,
              "skipped": false
            }
          ],
          "suites": [],
          "passes": [
            "10b0370b-b762-4e16-b84a-e9f1007c2cef",
            "6a5b9333-9515-42bc-9383-a19c45752b3d",
            "b93dc384-bb39-492c-be58-c27203c4e6b2",
            "6d7ed755-2faf-4104-8020-867e90da7c54"
          ],
          "failures": [],
          "pending": [],
          "skipped": [],
          "duration": 349,
          "root": false,
          "rootEmpty": false,
          "_timeout": 2000
        },
        {
          "uuid": "17730d2e-395f-4556-880e-34345eb626e0",
          "title": "5 - Faça com que cada elemento do quadro de pixels possua 40 pixels de largura, 40 pixels de altura e seja delimitado por uma borda preta de 1 pixel.",
          "fullFile": "",
          "file": "",
          "beforeHooks": [],
          "afterHooks": [],
          "tests": [
            {
              "title": "Verifica se o quadro de pixels tem altura e comprimento de 5 elementos",
              "fullTitle": "5 - Faça com que cada elemento do quadro de pixels possua 40 pixels de largura, 40 pixels de altura e seja delimitado por uma borda preta de 1 pixel. Verifica se o quadro de pixels tem altura e comprimento de 5 elementos",
              "timedOut": null,
              "duration": 228,
              "state": "passed",
              "speed": "slow",
              "pass": true,
              "fail": false,
              "pending": false,
              "context": null,
              "code": "cy.get('.pixel').should('have.length', 25).each(function (pixel) {\n  expect(pixel).to.have.css('background-color', WHITE);\n}).and(function (pixels) {\n  var rows = chunk(pixels, 5);\n  rows.forEach(function (row) {\n    for (var index = 1; index < row.length; index += 1) {\n      var current = pixels[index];\n      var previous = pixels[index - 1];\n      cy.wrap(current).should('be.onTheRightOf', previous).and('be.horizontallyAlignedWith', previous);\n    }\n  });\n  for (var index = 1; index < 5; index += 1) {\n    expect(pixels[index * 5]).to.be.belowOf(pixels[(index - 1) * 5]);\n  }\n});",
              "err": {},
              "uuid": "4bd12da1-c338-4a1d-a0a6-801061f909e4",
              "parentUUID": "17730d2e-395f-4556-880e-34345eb626e0",
              "isHook": false,
              "skipped": false
            },
            {
              "title": "Verifica se 40 pixels é o tamanho total do elemento, incluindo seu conteúdo e excluindo a borda preta, que deve ser criada à parte.",
              "fullTitle": "5 - Faça com que cada elemento do quadro de pixels possua 40 pixels de largura, 40 pixels de altura e seja delimitado por uma borda preta de 1 pixel. Verifica se 40 pixels é o tamanho total do elemento, incluindo seu conteúdo e excluindo a borda preta, que deve ser criada à parte.",
              "timedOut": null,
              "duration": 212,
              "state": "passed",
              "speed": "slow",
              "pass": true,
              "fail": false,
              "pending": false,
              "context": null,
              "code": "cy.get('.pixel').each(function (pixel) {\n  cy.wrap(pixel).should('have.css', 'height', '40px').and('have.css', 'width', '40px').and('have.css', 'border', \"1px solid \".concat(BLACK));\n});",
              "err": {},
              "uuid": "968924e2-0d74-4b46-82c4-568d3e205564",
              "parentUUID": "17730d2e-395f-4556-880e-34345eb626e0",
              "isHook": false,
              "skipped": false
            }
          ],
          "suites": [],
          "passes": [
            "4bd12da1-c338-4a1d-a0a6-801061f909e4",
            "968924e2-0d74-4b46-82c4-568d3e205564"
          ],
          "failures": [],
          "pending": [],
          "skipped": [],
          "duration": 440,
          "root": false,
          "rootEmpty": false,
          "_timeout": 2000
        },
        {
          "uuid": "490bada9-83ce-4450-94ac-423a8f08c31d",
          "title": "6 - Defina a cor preta como cor inicial. Ao carregar a página a cor preta já deve estar selecionada para pintar os pixels",
          "fullFile": "",
          "file": "",
          "beforeHooks": [],
          "afterHooks": [],
          "tests": [
            {
              "title": "Verifica se o elemento da cor preta possui, inicialmente, a `classe` `selected`",
              "fullTitle": "6 - Defina a cor preta como cor inicial. Ao carregar a página a cor preta já deve estar selecionada para pintar os pixels Verifica se o elemento da cor preta possui, inicialmente, a `classe` `selected`",
              "timedOut": null,
              "duration": 86,
              "state": "passed",
              "speed": "slow",
              "pass": true,
              "fail": false,
              "pending": false,
              "context": null,
              "code": "cy.get('.selected').first().should('have.css', 'background-color', BLACK);",
              "err": {},
              "uuid": "43a6ef5a-5bea-4096-b432-46c4a3e279a1",
              "parentUUID": "490bada9-83ce-4450-94ac-423a8f08c31d",
              "isHook": false,
              "skipped": false
            },
            {
              "title": "Verifica se nenhuma outra cor da paleta tem a `classe` `selected`",
              "fullTitle": "6 - Defina a cor preta como cor inicial. Ao carregar a página a cor preta já deve estar selecionada para pintar os pixels Verifica se nenhuma outra cor da paleta tem a `classe` `selected`",
              "timedOut": null,
              "duration": 65,
              "state": "passed",
              "speed": "medium",
              "pass": true,
              "fail": false,
              "pending": false,
              "context": null,
              "code": "cy.get('.color:not(:first-child)').each(function (color) {\n  cy.wrap(color).should('not.have.class', 'selected');\n});",
              "err": {},
              "uuid": "3d589944-4241-4f37-87a6-35821100d1e0",
              "parentUUID": "490bada9-83ce-4450-94ac-423a8f08c31d",
              "isHook": false,
              "skipped": false
            }
          ],
          "suites": [],
          "passes": [
            "43a6ef5a-5bea-4096-b432-46c4a3e279a1",
            "3d589944-4241-4f37-87a6-35821100d1e0"
          ],
          "failures": [],
          "pending": [],
          "skipped": [],
          "duration": 151,
          "root": false,
          "rootEmpty": false,
          "_timeout": 2000
        },
        {
          "uuid": "0d2dddd2-5af8-447f-8e3a-58609e62a707",
          "title": "7 - Clicar em uma das cores da paleta, faz com que ela seja selecionada e utilizada para preencher os pixels no quadro.",
          "fullFile": "",
          "file": "",
          "beforeHooks": [],
          "afterHooks": [],
          "tests": [
            {
              "title": "Verifica se somente uma cor da paleta de cores tem a classe `selected` de cada vez",
              "fullTitle": "7 - Clicar em uma das cores da paleta, faz com que ela seja selecionada e utilizada para preencher os pixels no quadro. Verifica se somente uma cor da paleta de cores tem a classe `selected` de cada vez",
              "timedOut": null,
              "duration": 493,
              "state": "passed",
              "speed": "slow",
              "pass": true,
              "fail": false,
              "pending": false,
              "context": null,
              "code": "cy.get('.color').each(function (selectedColor, selectedColorIndex) {\n  cy.wrap(selectedColor).click();\n  cy.get('.color').each(function (color, colorIndex) {\n    if (colorIndex === selectedColorIndex) {\n      expect(color).to.have[\"class\"]('selected');\n    } else {\n      expect(color).not.to.have[\"class\"]('selected');\n    }\n  });\n});",
              "err": {},
              "uuid": "685d414d-27db-47e3-8be8-9b6484cd6357",
              "parentUUID": "0d2dddd2-5af8-447f-8e3a-58609e62a707",
              "isHook": false,
              "skipped": false
            },
            {
              "title": "Verifica se os pixels dentro do quadro não têm a classe `selected` quando são clicados",
              "fullTitle": "7 - Clicar em uma das cores da paleta, faz com que ela seja selecionada e utilizada para preencher os pixels no quadro. Verifica se os pixels dentro do quadro não têm a classe `selected` quando são clicados",
              "timedOut": null,
              "duration": 8448,
              "state": "passed",
              "speed": "slow",
              "pass": true,
              "fail": false,
              "pending": false,
              "context": null,
              "code": "cy.get('.color').each(function (color) {\n  var backgroundColor = color.css('background-color');\n  cy.wrap(color).click();\n  cy.get('.pixel').each(function (pixel) {\n    cy.wrap(pixel).click().should('not.have.class', 'selected');\n  });\n});",
              "err": {},
              "uuid": "901d994c-ac3f-47d8-af40-40697a790b89",
              "parentUUID": "0d2dddd2-5af8-447f-8e3a-58609e62a707",
              "isHook": false,
              "skipped": false
            }
          ],
          "suites": [],
          "passes": [
            "685d414d-27db-47e3-8be8-9b6484cd6357",
            "901d994c-ac3f-47d8-af40-40697a790b89"
          ],
          "failures": [],
          "pending": [],
          "skipped": [],
          "duration": 8941,
          "root": false,
          "rootEmpty": false,
          "_timeout": 2000
        },
        {
          "uuid": "14f1ddfd-20ea-48b3-8a0e-7dc9375d593e",
          "title": "8 - Clicar em um pixel dentro do quadro após selecionar uma cor na paleta, faz com que o pixel seja preenchido com a cor selecionada.",
          "fullFile": "",
          "file": "",
          "beforeHooks": [],
          "afterHooks": [],
          "tests": [
            {
              "title": "Verifica se ao carregar a página deve ser possível pintar os pixels de preto",
              "fullTitle": "8 - Clicar em um pixel dentro do quadro após selecionar uma cor na paleta, faz com que o pixel seja preenchido com a cor selecionada. Verifica se ao carregar a página deve ser possível pintar os pixels de preto",
              "timedOut": null,
              "duration": 2138,
              "state": "passed",
              "speed": "slow",
              "pass": true,
              "fail": false,
              "pending": false,
              "context": null,
              "code": "cy.get('.pixel').each(function (pixel) {\n  cy.wrap(pixel).click().should('have.css', 'background-color', BLACK);\n});",
              "err": {},
              "uuid": "2b41ccd7-82a6-446a-9696-dd814cb2ccb9",
              "parentUUID": "14f1ddfd-20ea-48b3-8a0e-7dc9375d593e",
              "isHook": false,
              "skipped": false
            },
            {
              "title": "Verifica se após selecionar uma outra cor na paleta, é possível pintar os pixels com essa cor",
              "fullTitle": "8 - Clicar em um pixel dentro do quadro após selecionar uma cor na paleta, faz com que o pixel seja preenchido com a cor selecionada. Verifica se após selecionar uma outra cor na paleta, é possível pintar os pixels com essa cor",
              "timedOut": null,
              "duration": 8512,
              "state": "passed",
              "speed": "slow",
              "pass": true,
              "fail": false,
              "pending": false,
              "context": null,
              "code": "cy.get('.color').each(function (color) {\n  var backgroundColor = color.css('background-color');\n  cy.wrap(color).click();\n  cy.get('.pixel').each(function (pixel) {\n    cy.wrap(pixel).click().should('have.css', 'background-color', backgroundColor);\n  });\n});",
              "err": {},
              "uuid": "c2eb6d90-b21c-4d2d-9480-af1572c3e21c",
              "parentUUID": "14f1ddfd-20ea-48b3-8a0e-7dc9375d593e",
              "isHook": false,
              "skipped": false
            },
            {
              "title": "Verifica se somente o pixel que foi clicado foi preenchido com a cor selecionada, sem influenciar na cor dos demais pixels.",
              "fullTitle": "8 - Clicar em um pixel dentro do quadro após selecionar uma cor na paleta, faz com que o pixel seja preenchido com a cor selecionada. Verifica se somente o pixel que foi clicado foi preenchido com a cor selecionada, sem influenciar na cor dos demais pixels.",
              "timedOut": null,
              "duration": 1242,
              "state": "passed",
              "speed": "slow",
              "pass": true,
              "fail": false,
              "pending": false,
              "context": null,
              "code": "var colorToPixelIndexMap = {\n  0: 6,\n  1: 8,\n  2: 16,\n  3: 18\n};\ncy.get('.color').each(function (color, index) {\n  cy.wrap(color).click();\n  var backgroundColor = color.css('background-color');\n  var clickedPixelIndex = colorToPixelIndexMap[index];\n  cy.get('.pixel').eq(clickedPixelIndex).click();\n  cy.get('.pixel').eq(clickedPixelIndex - 1).should('not.have.css', 'background-color', backgroundColor);\n  cy.get('.pixel').eq(clickedPixelIndex + 1).should('not.have.css', 'background-color', backgroundColor);\n  cy.get('.pixel').eq(clickedPixelIndex - 5).should('not.have.css', 'background-color', backgroundColor);\n  cy.get('.pixel').eq(clickedPixelIndex + 5).should('not.have.css', 'background-color', backgroundColor);\n  cy.get('.pixel').eq(clickedPixelIndex - 6).should('not.have.css', 'background-color', backgroundColor);\n  cy.get('.pixel').eq(clickedPixelIndex - 4).should('not.have.css', 'background-color', backgroundColor);\n  cy.get('.pixel').eq(clickedPixelIndex + 4).should('not.have.css', 'background-color', backgroundColor);\n  cy.get('.pixel').eq(clickedPixelIndex + 6).should('not.have.css', 'background-color', backgroundColor);\n});",
              "err": {},
              "uuid": "d64e6dee-5958-4fa9-bc5f-287cd33c5ca6",
              "parentUUID": "14f1ddfd-20ea-48b3-8a0e-7dc9375d593e",
              "isHook": false,
              "skipped": false
            }
          ],
          "suites": [],
          "passes": [
            "2b41ccd7-82a6-446a-9696-dd814cb2ccb9",
            "c2eb6d90-b21c-4d2d-9480-af1572c3e21c",
            "d64e6dee-5958-4fa9-bc5f-287cd33c5ca6"
          ],
          "failures": [],
          "pending": [],
          "skipped": [],
          "duration": 11892,
          "root": false,
          "rootEmpty": false,
          "_timeout": 2000
        },
        {
          "uuid": "767d3044-50a5-4d46-a3a3-e99d4b743b1f",
          "title": "9 - Crie um botão que, ao ser clicado, limpa o quadro preenchendo a cor de todos seus pixels com branco.",
          "fullFile": "",
          "file": "",
          "beforeHooks": [],
          "afterHooks": [],
          "tests": [
            {
              "title": "Verifica se o botão tem o `id` denominado `clear-board`",
              "fullTitle": "9 - Crie um botão que, ao ser clicado, limpa o quadro preenchendo a cor de todos seus pixels com branco. Verifica se o botão tem o `id` denominado `clear-board`",
              "timedOut": null,
              "duration": 4231,
              "state": "failed",
              "speed": null,
              "pass": false,
              "fail": true,
              "pending": false,
              "context": null,
              "code": "cy.get('#clear-board').should('be.visible');",
              "err": {
                "message": "CypressError: Timed out retrying: Expected to find element: '#clear-board', but never found it.",
                "estack": "CypressError: Timed out retrying: Expected to find element: '#clear-board', but never found it.\n    at cypressErr (http://localhost:46715/__cypress/runner/cypress_runner.js:149934:9)\n    at throwErr (http://localhost:46715/__cypress/runner/cypress_runner.js:149867:11)\n    at Object.throwErrByPath (http://localhost:46715/__cypress/runner/cypress_runner.js:149915:3)\n    at retry (http://localhost:46715/__cypress/runner/cypress_runner.js:144197:19)\n    at onFailFn (http://localhost:46715/__cypress/runner/cypress_runner.js:132448:16)\n    at tryCatcher (http://localhost:46715/__cypress/runner/cypress_runner.js:167415:23)\n    at Promise._settlePromiseFromHandler (http://localhost:46715/__cypress/runner/cypress_runner.js:165351:31)\n    at Promise._settlePromise (http://localhost:46715/__cypress/runner/cypress_runner.js:165408:18)\n    at Promise._settlePromise0 (http://localhost:46715/__cypress/runner/cypress_runner.js:165453:10)\n    at Promise._settlePromises (http://localhost:46715/__cypress/runner/cypress_runner.js:165528:18)\n    at Async../node_modules/bluebird/js/release/async.js.Async._drainQueue (http://localhost:46715/__cypress/runner/cypress_runner.js:162140:16)\n    at Async../node_modules/bluebird/js/release/async.js.Async._drainQueues (http://localhost:46715/__cypress/runner/cypress_runner.js:162150:10)\n    at Async.drainQueues (http://localhost:46715/__cypress/runner/cypress_runner.js:162024:14)",
                "diff": null
              },
              "uuid": "fc545294-f704-47df-82fd-e12ade027fe6",
              "parentUUID": "767d3044-50a5-4d46-a3a3-e99d4b743b1f",
              "isHook": false,
              "skipped": false
            },
            {
              "title": "Verifica se o botão está posicionado entre a paleta de cores e o quadro de pixels",
              "fullTitle": "9 - Crie um botão que, ao ser clicado, limpa o quadro preenchendo a cor de todos seus pixels com branco. Verifica se o botão está posicionado entre a paleta de cores e o quadro de pixels",
              "timedOut": null,
              "duration": 4226,
              "state": "failed",
              "speed": null,
              "pass": false,
              "fail": true,
              "pending": false,
              "context": null,
              "code": "cy.get('#color-palette').then(function (palette) {\n  cy.get('#clear-board').should('be.belowOf', palette);\n});\ncy.get('#clear-board').then(function (clearBtn) {\n  cy.get('#pixel-board').should('be.belowOf', clearBtn);\n});",
              "err": {
                "message": "CypressError: Timed out retrying: Expected to find element: '#clear-board', but never found it.",
                "estack": "CypressError: Timed out retrying: Expected to find element: '#clear-board', but never found it.\n    at cypressErr (http://localhost:46715/__cypress/runner/cypress_runner.js:149934:9)\n    at throwErr (http://localhost:46715/__cypress/runner/cypress_runner.js:149867:11)\n    at Object.throwErrByPath (http://localhost:46715/__cypress/runner/cypress_runner.js:149915:3)\n    at retry (http://localhost:46715/__cypress/runner/cypress_runner.js:144197:19)\n    at onFailFn (http://localhost:46715/__cypress/runner/cypress_runner.js:132448:16)\n    at tryCatcher (http://localhost:46715/__cypress/runner/cypress_runner.js:167415:23)\n    at Promise._settlePromiseFromHandler (http://localhost:46715/__cypress/runner/cypress_runner.js:165351:31)\n    at Promise._settlePromise (http://localhost:46715/__cypress/runner/cypress_runner.js:165408:18)\n    at Promise._settlePromise0 (http://localhost:46715/__cypress/runner/cypress_runner.js:165453:10)\n    at Promise._settlePromises (http://localhost:46715/__cypress/runner/cypress_runner.js:165528:18)\n    at Async../node_modules/bluebird/js/release/async.js.Async._drainQueue (http://localhost:46715/__cypress/runner/cypress_runner.js:162140:16)\n    at Async../node_modules/bluebird/js/release/async.js.Async._drainQueues (http://localhost:46715/__cypress/runner/cypress_runner.js:162150:10)\n    at Async.drainQueues (http://localhost:46715/__cypress/runner/cypress_runner.js:162024:14)",
                "diff": null
              },
              "uuid": "c69dbbfc-1010-4c35-bc8f-f902b024089c",
              "parentUUID": "767d3044-50a5-4d46-a3a3-e99d4b743b1f",
              "isHook": false,
              "skipped": false
            },
            {
              "title": "Verifica se o texto do botão é 'Limpar'",
              "fullTitle": "9 - Crie um botão que, ao ser clicado, limpa o quadro preenchendo a cor de todos seus pixels com branco. Verifica se o texto do botão é 'Limpar'",
              "timedOut": null,
              "duration": 4203,
              "state": "failed",
              "speed": null,
              "pass": false,
              "fail": true,
              "pending": false,
              "context": null,
              "code": "cy.get('#clear-board').should('contain.text', 'Limpar');",
              "err": {
                "message": "CypressError: Timed out retrying: Expected to find element: '#clear-board', but never found it.",
                "estack": "CypressError: Timed out retrying: Expected to find element: '#clear-board', but never found it.\n    at cypressErr (http://localhost:46715/__cypress/runner/cypress_runner.js:149934:9)\n    at throwErr (http://localhost:46715/__cypress/runner/cypress_runner.js:149867:11)\n    at Object.throwErrByPath (http://localhost:46715/__cypress/runner/cypress_runner.js:149915:3)\n    at retry (http://localhost:46715/__cypress/runner/cypress_runner.js:144197:19)\n    at onFailFn (http://localhost:46715/__cypress/runner/cypress_runner.js:132448:16)\n    at tryCatcher (http://localhost:46715/__cypress/runner/cypress_runner.js:167415:23)\n    at Promise._settlePromiseFromHandler (http://localhost:46715/__cypress/runner/cypress_runner.js:165351:31)\n    at Promise._settlePromise (http://localhost:46715/__cypress/runner/cypress_runner.js:165408:18)\n    at Promise._settlePromise0 (http://localhost:46715/__cypress/runner/cypress_runner.js:165453:10)\n    at Promise._settlePromises (http://localhost:46715/__cypress/runner/cypress_runner.js:165528:18)\n    at Async../node_modules/bluebird/js/release/async.js.Async._drainQueue (http://localhost:46715/__cypress/runner/cypress_runner.js:162140:16)\n    at Async../node_modules/bluebird/js/release/async.js.Async._drainQueues (http://localhost:46715/__cypress/runner/cypress_runner.js:162150:10)\n    at Async.drainQueues (http://localhost:46715/__cypress/runner/cypress_runner.js:162024:14)",
                "diff": null
              },
              "uuid": "c3440da6-62bd-400a-aa25-1df8c6b8c54f",
              "parentUUID": "767d3044-50a5-4d46-a3a3-e99d4b743b1f",
              "isHook": false,
              "skipped": false
            },
            {
              "title": "Verifica se ao clicar no botão, o quadro de pixels é totalmente preenchido de branco",
              "fullTitle": "9 - Crie um botão que, ao ser clicado, limpa o quadro preenchendo a cor de todos seus pixels com branco. Verifica se ao clicar no botão, o quadro de pixels é totalmente preenchido de branco",
              "timedOut": null,
              "duration": 6454,
              "state": "failed",
              "speed": null,
              "pass": false,
              "fail": true,
              "pending": false,
              "context": null,
              "code": "cy.get('.color').eq(1).then(function (color) {\n  var backgroundColor = color.css('background-color');\n  cy.wrap(color).click();\n  cy.get('.pixel').each(function (pixel) {\n    cy.wrap(pixel).click().should('have.css', 'background-color', backgroundColor);\n  });\n});\ncy.get('#clear-board').click();\ncy.get('.pixel').each(function (pixel) {\n  cy.wrap(pixel).should('have.css', 'background-color', WHITE);\n});",
              "err": {
                "message": "CypressError: Timed out retrying: Expected to find element: '#clear-board', but never found it.",
                "estack": "CypressError: Timed out retrying: Expected to find element: '#clear-board', but never found it.\n    at cypressErr (http://localhost:46715/__cypress/runner/cypress_runner.js:149934:9)\n    at throwErr (http://localhost:46715/__cypress/runner/cypress_runner.js:149867:11)\n    at Object.throwErrByPath (http://localhost:46715/__cypress/runner/cypress_runner.js:149915:3)\n    at retry (http://localhost:46715/__cypress/runner/cypress_runner.js:144197:19)\n    at onFailFn (http://localhost:46715/__cypress/runner/cypress_runner.js:132448:16)\n    at tryCatcher (http://localhost:46715/__cypress/runner/cypress_runner.js:167415:23)\n    at Promise._settlePromiseFromHandler (http://localhost:46715/__cypress/runner/cypress_runner.js:165351:31)\n    at Promise._settlePromise (http://localhost:46715/__cypress/runner/cypress_runner.js:165408:18)\n    at Promise._settlePromise0 (http://localhost:46715/__cypress/runner/cypress_runner.js:165453:10)\n    at Promise._settlePromises (http://localhost:46715/__cypress/runner/cypress_runner.js:165528:18)\n    at Async../node_modules/bluebird/js/release/async.js.Async._drainQueue (http://localhost:46715/__cypress/runner/cypress_runner.js:162140:16)\n    at Async../node_modules/bluebird/js/release/async.js.Async._drainQueues (http://localhost:46715/__cypress/runner/cypress_runner.js:162150:10)\n    at Async.drainQueues (http://localhost:46715/__cypress/runner/cypress_runner.js:162024:14)",
                "diff": null
              },
              "uuid": "5814ba17-0469-481d-bd05-bebcb2de4fe9",
              "parentUUID": "767d3044-50a5-4d46-a3a3-e99d4b743b1f",
              "isHook": false,
              "skipped": false
            }
          ],
          "suites": [],
          "passes": [],
          "failures": [
            "fc545294-f704-47df-82fd-e12ade027fe6",
            "c69dbbfc-1010-4c35-bc8f-f902b024089c",
            "c3440da6-62bd-400a-aa25-1df8c6b8c54f",
            "5814ba17-0469-481d-bd05-bebcb2de4fe9"
          ],
          "pending": [],
          "skipped": [],
          "duration": 19114,
          "root": false,
          "rootEmpty": false,
          "_timeout": 2000
        },
        {
          "uuid": "78270ec6-029e-4f46-b534-7f5bb134360e",
          "title": "10 - Faça o quadro de pixels ter seu tamanho definido pelo usuário.",
          "fullFile": "",
          "file": "",
          "beforeHooks": [],
          "afterHooks": [],
          "tests": [
            {
              "title": "Verifica se existe um input com o id `board-size`",
              "fullTitle": "10 - Faça o quadro de pixels ter seu tamanho definido pelo usuário. Verifica se existe um input com o id `board-size`",
              "timedOut": null,
              "duration": 4308,
              "state": "failed",
              "speed": null,
              "pass": false,
              "fail": true,
              "pending": false,
              "context": null,
              "code": "cy.get('#board-size').should('be.visible');",
              "err": {
                "message": "CypressError: Timed out retrying: Expected to find element: '#board-size', but never found it.",
                "estack": "CypressError: Timed out retrying: Expected to find element: '#board-size', but never found it.\n    at cypressErr (http://localhost:46715/__cypress/runner/cypress_runner.js:149934:9)\n    at throwErr (http://localhost:46715/__cypress/runner/cypress_runner.js:149867:11)\n    at Object.throwErrByPath (http://localhost:46715/__cypress/runner/cypress_runner.js:149915:3)\n    at retry (http://localhost:46715/__cypress/runner/cypress_runner.js:144197:19)\n    at onFailFn (http://localhost:46715/__cypress/runner/cypress_runner.js:132448:16)\n    at tryCatcher (http://localhost:46715/__cypress/runner/cypress_runner.js:167415:23)\n    at Promise._settlePromiseFromHandler (http://localhost:46715/__cypress/runner/cypress_runner.js:165351:31)\n    at Promise._settlePromise (http://localhost:46715/__cypress/runner/cypress_runner.js:165408:18)\n    at Promise._settlePromise0 (http://localhost:46715/__cypress/runner/cypress_runner.js:165453:10)\n    at Promise._settlePromises (http://localhost:46715/__cypress/runner/cypress_runner.js:165528:18)\n    at Async../node_modules/bluebird/js/release/async.js.Async._drainQueue (http://localhost:46715/__cypress/runner/cypress_runner.js:162140:16)\n    at Async../node_modules/bluebird/js/release/async.js.Async._drainQueues (http://localhost:46715/__cypress/runner/cypress_runner.js:162150:10)\n    at Async.drainQueues (http://localhost:46715/__cypress/runner/cypress_runner.js:162024:14)",
                "diff": null
              },
              "uuid": "0856ef9f-2358-4bde-8ff7-fa6abadb27de",
              "parentUUID": "78270ec6-029e-4f46-b534-7f5bb134360e",
              "isHook": false,
              "skipped": false
            },
            {
              "title": "Verifica se existe um botão com o id `generate-board`",
              "fullTitle": "10 - Faça o quadro de pixels ter seu tamanho definido pelo usuário. Verifica se existe um botão com o id `generate-board`",
              "timedOut": null,
              "duration": 4238,
              "state": "failed",
              "speed": null,
              "pass": false,
              "fail": true,
              "pending": false,
              "context": null,
              "code": "cy.get('#generate-board').should('be.visible');",
              "err": {
                "message": "CypressError: Timed out retrying: Expected to find element: '#generate-board', but never found it.",
                "estack": "CypressError: Timed out retrying: Expected to find element: '#generate-board', but never found it.\n    at cypressErr (http://localhost:46715/__cypress/runner/cypress_runner.js:149934:9)\n    at throwErr (http://localhost:46715/__cypress/runner/cypress_runner.js:149867:11)\n    at Object.throwErrByPath (http://localhost:46715/__cypress/runner/cypress_runner.js:149915:3)\n    at retry (http://localhost:46715/__cypress/runner/cypress_runner.js:144197:19)\n    at onFailFn (http://localhost:46715/__cypress/runner/cypress_runner.js:132448:16)\n    at tryCatcher (http://localhost:46715/__cypress/runner/cypress_runner.js:167415:23)\n    at Promise._settlePromiseFromHandler (http://localhost:46715/__cypress/runner/cypress_runner.js:165351:31)\n    at Promise._settlePromise (http://localhost:46715/__cypress/runner/cypress_runner.js:165408:18)\n    at Promise._settlePromise0 (http://localhost:46715/__cypress/runner/cypress_runner.js:165453:10)\n    at Promise._settlePromises (http://localhost:46715/__cypress/runner/cypress_runner.js:165528:18)\n    at Async../node_modules/bluebird/js/release/async.js.Async._drainQueue (http://localhost:46715/__cypress/runner/cypress_runner.js:162140:16)\n    at Async../node_modules/bluebird/js/release/async.js.Async._drainQueues (http://localhost:46715/__cypress/runner/cypress_runner.js:162150:10)\n    at Async.drainQueues (http://localhost:46715/__cypress/runner/cypress_runner.js:162024:14)",
                "diff": null
              },
              "uuid": "ad534944-54d6-4522-85c5-7a03fc900bd0",
              "parentUUID": "78270ec6-029e-4f46-b534-7f5bb134360e",
              "isHook": false,
              "skipped": false
            },
            {
              "title": "Verifica se o input só aceita número maiores que zero. Essa restrição deve ser feita usando os atributos do elemento `input`",
              "fullTitle": "10 - Faça o quadro de pixels ter seu tamanho definido pelo usuário. Verifica se o input só aceita número maiores que zero. Essa restrição deve ser feita usando os atributos do elemento `input`",
              "timedOut": null,
              "duration": 4270,
              "state": "failed",
              "speed": null,
              "pass": false,
              "fail": true,
              "pending": false,
              "context": null,
              "code": "cy.get('#board-size[type=\\'number\\'][min=\\'1\\']');",
              "err": {
                "message": "CypressError: Timed out retrying: Expected to find element: '#board-size[type='number'][min='1']', but never found it.",
                "estack": "CypressError: Timed out retrying: Expected to find element: '#board-size[type='number'][min='1']', but never found it.\n    at cypressErr (http://localhost:46715/__cypress/runner/cypress_runner.js:149934:9)\n    at throwErr (http://localhost:46715/__cypress/runner/cypress_runner.js:149867:11)\n    at Object.throwErrByPath (http://localhost:46715/__cypress/runner/cypress_runner.js:149915:3)\n    at retry (http://localhost:46715/__cypress/runner/cypress_runner.js:144197:19)\n    at onFailFn (http://localhost:46715/__cypress/runner/cypress_runner.js:132448:16)\n    at tryCatcher (http://localhost:46715/__cypress/runner/cypress_runner.js:167415:23)\n    at Promise._settlePromiseFromHandler (http://localhost:46715/__cypress/runner/cypress_runner.js:165351:31)\n    at Promise._settlePromise (http://localhost:46715/__cypress/runner/cypress_runner.js:165408:18)\n    at Promise._settlePromise0 (http://localhost:46715/__cypress/runner/cypress_runner.js:165453:10)\n    at Promise._settlePromises (http://localhost:46715/__cypress/runner/cypress_runner.js:165528:18)\n    at Async../node_modules/bluebird/js/release/async.js.Async._drainQueue (http://localhost:46715/__cypress/runner/cypress_runner.js:162140:16)\n    at Async../node_modules/bluebird/js/release/async.js.Async._drainQueues (http://localhost:46715/__cypress/runner/cypress_runner.js:162150:10)\n    at Async.drainQueues (http://localhost:46715/__cypress/runner/cypress_runner.js:162024:14)",
                "diff": null
              },
              "uuid": "e5cea2f1-c56a-4894-9902-6acce1a09507",
              "parentUUID": "78270ec6-029e-4f46-b534-7f5bb134360e",
              "isHook": false,
              "skipped": false
            },
            {
              "title": "Verifica se o botão contém o texto 'VQV'",
              "fullTitle": "10 - Faça o quadro de pixels ter seu tamanho definido pelo usuário. Verifica se o botão contém o texto 'VQV'",
              "timedOut": null,
              "duration": 4248,
              "state": "failed",
              "speed": null,
              "pass": false,
              "fail": true,
              "pending": false,
              "context": null,
              "code": "cy.get('#generate-board').contains(/vqv/i);",
              "err": {
                "message": "CypressError: Timed out retrying: Expected to find element: '#generate-board', but never found it.",
                "estack": "CypressError: Timed out retrying: Expected to find element: '#generate-board', but never found it.\n    at cypressErr (http://localhost:46715/__cypress/runner/cypress_runner.js:149934:9)\n    at throwErr (http://localhost:46715/__cypress/runner/cypress_runner.js:149867:11)\n    at Object.throwErrByPath (http://localhost:46715/__cypress/runner/cypress_runner.js:149915:3)\n    at retry (http://localhost:46715/__cypress/runner/cypress_runner.js:144197:19)\n    at onFailFn (http://localhost:46715/__cypress/runner/cypress_runner.js:132448:16)\n    at tryCatcher (http://localhost:46715/__cypress/runner/cypress_runner.js:167415:23)\n    at Promise._settlePromiseFromHandler (http://localhost:46715/__cypress/runner/cypress_runner.js:165351:31)\n    at Promise._settlePromise (http://localhost:46715/__cypress/runner/cypress_runner.js:165408:18)\n    at Promise._settlePromise0 (http://localhost:46715/__cypress/runner/cypress_runner.js:165453:10)\n    at Promise._settlePromises (http://localhost:46715/__cypress/runner/cypress_runner.js:165528:18)\n    at Async../node_modules/bluebird/js/release/async.js.Async._drainQueue (http://localhost:46715/__cypress/runner/cypress_runner.js:162140:16)\n    at Async../node_modules/bluebird/js/release/async.js.Async._drainQueues (http://localhost:46715/__cypress/runner/cypress_runner.js:162150:10)\n    at Async.drainQueues (http://localhost:46715/__cypress/runner/cypress_runner.js:162024:14)",
                "diff": null
              },
              "uuid": "52f0149d-ce77-4736-aee9-4f1f7963678f",
              "parentUUID": "78270ec6-029e-4f46-b534-7f5bb134360e",
              "isHook": false,
              "skipped": false
            },
            {
              "title": "Verifica se o input está posicionado entre a paleta de cores e o quadro de pixels",
              "fullTitle": "10 - Faça o quadro de pixels ter seu tamanho definido pelo usuário. Verifica se o input está posicionado entre a paleta de cores e o quadro de pixels",
              "timedOut": null,
              "duration": 4257,
              "state": "failed",
              "speed": null,
              "pass": false,
              "fail": true,
              "pending": false,
              "context": null,
              "code": "cy.get('#color-palette').then(function (palette) {\n  cy.get('#board-size').should('be.belowOf', palette);\n});\ncy.get('#board-size').then(function (palette) {\n  cy.get('#pixel-board').should('be.belowOf', palette);\n});",
              "err": {
                "message": "CypressError: Timed out retrying: Expected to find element: '#board-size', but never found it.",
                "estack": "CypressError: Timed out retrying: Expected to find element: '#board-size', but never found it.\n    at cypressErr (http://localhost:46715/__cypress/runner/cypress_runner.js:149934:9)\n    at throwErr (http://localhost:46715/__cypress/runner/cypress_runner.js:149867:11)\n    at Object.throwErrByPath (http://localhost:46715/__cypress/runner/cypress_runner.js:149915:3)\n    at retry (http://localhost:46715/__cypress/runner/cypress_runner.js:144197:19)\n    at onFailFn (http://localhost:46715/__cypress/runner/cypress_runner.js:132448:16)\n    at tryCatcher (http://localhost:46715/__cypress/runner/cypress_runner.js:167415:23)\n    at Promise._settlePromiseFromHandler (http://localhost:46715/__cypress/runner/cypress_runner.js:165351:31)\n    at Promise._settlePromise (http://localhost:46715/__cypress/runner/cypress_runner.js:165408:18)\n    at Promise._settlePromise0 (http://localhost:46715/__cypress/runner/cypress_runner.js:165453:10)\n    at Promise._settlePromises (http://localhost:46715/__cypress/runner/cypress_runner.js:165528:18)\n    at Async../node_modules/bluebird/js/release/async.js.Async._drainQueue (http://localhost:46715/__cypress/runner/cypress_runner.js:162140:16)\n    at Async../node_modules/bluebird/js/release/async.js.Async._drainQueues (http://localhost:46715/__cypress/runner/cypress_runner.js:162150:10)\n    at Async.drainQueues (http://localhost:46715/__cypress/runner/cypress_runner.js:162024:14)",
                "diff": null
              },
              "uuid": "2206d799-d9b9-43b8-b485-b42ab2da5c04",
              "parentUUID": "78270ec6-029e-4f46-b534-7f5bb134360e",
              "isHook": false,
              "skipped": false
            },
            {
              "title": "Verifica se o botão está posicionado ao lado do input",
              "fullTitle": "10 - Faça o quadro de pixels ter seu tamanho definido pelo usuário. Verifica se o botão está posicionado ao lado do input",
              "timedOut": null,
              "duration": 4243,
              "state": "failed",
              "speed": null,
              "pass": false,
              "fail": true,
              "pending": false,
              "context": null,
              "code": "cy.get('#board-size').then(function (board) {\n  cy.get('#generate-board').should('be.onTheRightOf', board);\n});",
              "err": {
                "message": "CypressError: Timed out retrying: Expected to find element: '#board-size', but never found it.",
                "estack": "CypressError: Timed out retrying: Expected to find element: '#board-size', but never found it.\n    at cypressErr (http://localhost:46715/__cypress/runner/cypress_runner.js:149934:9)\n    at throwErr (http://localhost:46715/__cypress/runner/cypress_runner.js:149867:11)\n    at Object.throwErrByPath (http://localhost:46715/__cypress/runner/cypress_runner.js:149915:3)\n    at retry (http://localhost:46715/__cypress/runner/cypress_runner.js:144197:19)\n    at onFailFn (http://localhost:46715/__cypress/runner/cypress_runner.js:132448:16)\n    at tryCatcher (http://localhost:46715/__cypress/runner/cypress_runner.js:167415:23)\n    at Promise._settlePromiseFromHandler (http://localhost:46715/__cypress/runner/cypress_runner.js:165351:31)\n    at Promise._settlePromise (http://localhost:46715/__cypress/runner/cypress_runner.js:165408:18)\n    at Promise._settlePromise0 (http://localhost:46715/__cypress/runner/cypress_runner.js:165453:10)\n    at Promise._settlePromises (http://localhost:46715/__cypress/runner/cypress_runner.js:165528:18)\n    at Async../node_modules/bluebird/js/release/async.js.Async._drainQueue (http://localhost:46715/__cypress/runner/cypress_runner.js:162140:16)\n    at Async../node_modules/bluebird/js/release/async.js.Async._drainQueues (http://localhost:46715/__cypress/runner/cypress_runner.js:162150:10)\n    at Async.drainQueues (http://localhost:46715/__cypress/runner/cypress_runner.js:162024:14)",
                "diff": null
              },
              "uuid": "e74f1164-bfc3-4b32-b283-5f33dcf7fc19",
              "parentUUID": "78270ec6-029e-4f46-b534-7f5bb134360e",
              "isHook": false,
              "skipped": false
            },
            {
              "title": "Verifica se nenhum valor for colocado no input ao clicar no botão, um `alert` é exibido com o texto: 'Board inválido!'",
              "fullTitle": "10 - Faça o quadro de pixels ter seu tamanho definido pelo usuário. Verifica se nenhum valor for colocado no input ao clicar no botão, um `alert` é exibido com o texto: 'Board inválido!'",
              "timedOut": null,
              "duration": 4263,
              "state": "failed",
              "speed": null,
              "pass": false,
              "fail": true,
              "pending": false,
              "context": null,
              "code": "var alerted = false;\ncy.on('window:alert', function (msg) {\n  return alerted = msg;\n});\ncy.get('#generate-board').click().then(function () {\n  return expect(alerted).to.match(/Board inválido!/i);\n});",
              "err": {
                "message": "CypressError: Timed out retrying: Expected to find element: '#generate-board', but never found it.",
                "estack": "CypressError: Timed out retrying: Expected to find element: '#generate-board', but never found it.\n    at cypressErr (http://localhost:46715/__cypress/runner/cypress_runner.js:149934:9)\n    at throwErr (http://localhost:46715/__cypress/runner/cypress_runner.js:149867:11)\n    at Object.throwErrByPath (http://localhost:46715/__cypress/runner/cypress_runner.js:149915:3)\n    at retry (http://localhost:46715/__cypress/runner/cypress_runner.js:144197:19)\n    at onFailFn (http://localhost:46715/__cypress/runner/cypress_runner.js:132448:16)\n    at tryCatcher (http://localhost:46715/__cypress/runner/cypress_runner.js:167415:23)\n    at Promise._settlePromiseFromHandler (http://localhost:46715/__cypress/runner/cypress_runner.js:165351:31)\n    at Promise._settlePromise (http://localhost:46715/__cypress/runner/cypress_runner.js:165408:18)\n    at Promise._settlePromise0 (http://localhost:46715/__cypress/runner/cypress_runner.js:165453:10)\n    at Promise._settlePromises (http://localhost:46715/__cypress/runner/cypress_runner.js:165528:18)\n    at Async../node_modules/bluebird/js/release/async.js.Async._drainQueue (http://localhost:46715/__cypress/runner/cypress_runner.js:162140:16)\n    at Async../node_modules/bluebird/js/release/async.js.Async._drainQueues (http://localhost:46715/__cypress/runner/cypress_runner.js:162150:10)\n    at Async.drainQueues (http://localhost:46715/__cypress/runner/cypress_runner.js:162024:14)",
                "diff": null
              },
              "uuid": "9ad55bc6-f4fa-4cdd-9607-1061165e023f",
              "parentUUID": "78270ec6-029e-4f46-b534-7f5bb134360e",
              "isHook": false,
              "skipped": false
            },
            {
              "title": "Verifica se ao clicar no botão com um valor preenchido, o tamanho do board muda.",
              "fullTitle": "10 - Faça o quadro de pixels ter seu tamanho definido pelo usuário. Verifica se ao clicar no botão com um valor preenchido, o tamanho do board muda.",
              "timedOut": null,
              "duration": 4396,
              "state": "failed",
              "speed": null,
              "pass": false,
              "fail": true,
              "pending": false,
              "context": null,
              "code": "cy.get('#board-size').clear().type(10);\ncy.get('#generate-board').click();\ncy.get('.pixel').should('have.length', 100);",
              "err": {
                "message": "CypressError: Timed out retrying: Expected to find element: '#board-size', but never found it.",
                "estack": "CypressError: Timed out retrying: Expected to find element: '#board-size', but never found it.\n    at cypressErr (http://localhost:46715/__cypress/runner/cypress_runner.js:149934:9)\n    at throwErr (http://localhost:46715/__cypress/runner/cypress_runner.js:149867:11)\n    at Object.throwErrByPath (http://localhost:46715/__cypress/runner/cypress_runner.js:149915:3)\n    at retry (http://localhost:46715/__cypress/runner/cypress_runner.js:144197:19)\n    at onFailFn (http://localhost:46715/__cypress/runner/cypress_runner.js:132448:16)\n    at tryCatcher (http://localhost:46715/__cypress/runner/cypress_runner.js:167415:23)\n    at Promise._settlePromiseFromHandler (http://localhost:46715/__cypress/runner/cypress_runner.js:165351:31)\n    at Promise._settlePromise (http://localhost:46715/__cypress/runner/cypress_runner.js:165408:18)\n    at Promise._settlePromise0 (http://localhost:46715/__cypress/runner/cypress_runner.js:165453:10)\n    at Promise._settlePromises (http://localhost:46715/__cypress/runner/cypress_runner.js:165528:18)\n    at Async../node_modules/bluebird/js/release/async.js.Async._drainQueue (http://localhost:46715/__cypress/runner/cypress_runner.js:162140:16)\n    at Async../node_modules/bluebird/js/release/async.js.Async._drainQueues (http://localhost:46715/__cypress/runner/cypress_runner.js:162150:10)\n    at Async.drainQueues (http://localhost:46715/__cypress/runner/cypress_runner.js:162024:14)",
                "diff": null
              },
              "uuid": "38859782-9414-4ec1-ab2a-4d481263a2f2",
              "parentUUID": "78270ec6-029e-4f46-b534-7f5bb134360e",
              "isHook": false,
              "skipped": false
            },
            {
              "title": "Verifica se o novo quadro tem todos os pixels preenchidos com a cor branca",
              "fullTitle": "10 - Faça o quadro de pixels ter seu tamanho definido pelo usuário. Verifica se o novo quadro tem todos os pixels preenchidos com a cor branca",
              "timedOut": null,
              "duration": 4241,
              "state": "failed",
              "speed": null,
              "pass": false,
              "fail": true,
              "pending": false,
              "context": null,
              "code": "cy.get('#board-size').clear().type(6);\ncy.get('#generate-board').click();\ncy.get('.pixel').should('have.length', 36).each(function (pixel) {\n  expect(pixel).to.have.css('background-color', WHITE);\n});",
              "err": {
                "message": "CypressError: Timed out retrying: Expected to find element: '#board-size', but never found it.",
                "estack": "CypressError: Timed out retrying: Expected to find element: '#board-size', but never found it.\n    at cypressErr (http://localhost:46715/__cypress/runner/cypress_runner.js:149934:9)\n    at throwErr (http://localhost:46715/__cypress/runner/cypress_runner.js:149867:11)\n    at Object.throwErrByPath (http://localhost:46715/__cypress/runner/cypress_runner.js:149915:3)\n    at retry (http://localhost:46715/__cypress/runner/cypress_runner.js:144197:19)\n    at onFailFn (http://localhost:46715/__cypress/runner/cypress_runner.js:132448:16)\n    at tryCatcher (http://localhost:46715/__cypress/runner/cypress_runner.js:167415:23)\n    at Promise._settlePromiseFromHandler (http://localhost:46715/__cypress/runner/cypress_runner.js:165351:31)\n    at Promise._settlePromise (http://localhost:46715/__cypress/runner/cypress_runner.js:165408:18)\n    at Promise._settlePromise0 (http://localhost:46715/__cypress/runner/cypress_runner.js:165453:10)\n    at Promise._settlePromises (http://localhost:46715/__cypress/runner/cypress_runner.js:165528:18)\n    at Async../node_modules/bluebird/js/release/async.js.Async._drainQueue (http://localhost:46715/__cypress/runner/cypress_runner.js:162140:16)\n    at Async../node_modules/bluebird/js/release/async.js.Async._drainQueues (http://localhost:46715/__cypress/runner/cypress_runner.js:162150:10)\n    at Async.drainQueues (http://localhost:46715/__cypress/runner/cypress_runner.js:162024:14)",
                "diff": null
              },
              "uuid": "06e4d933-0d20-4835-a40e-782673ff1d21",
              "parentUUID": "78270ec6-029e-4f46-b534-7f5bb134360e",
              "isHook": false,
              "skipped": false
            }
          ],
          "suites": [],
          "passes": [],
          "failures": [
            "0856ef9f-2358-4bde-8ff7-fa6abadb27de",
            "ad534944-54d6-4522-85c5-7a03fc900bd0",
            "e5cea2f1-c56a-4894-9902-6acce1a09507",
            "52f0149d-ce77-4736-aee9-4f1f7963678f",
            "2206d799-d9b9-43b8-b485-b42ab2da5c04",
            "e74f1164-bfc3-4b32-b283-5f33dcf7fc19",
            "9ad55bc6-f4fa-4cdd-9607-1061165e023f",
            "38859782-9414-4ec1-ab2a-4d481263a2f2",
            "06e4d933-0d20-4835-a40e-782673ff1d21"
          ],
          "pending": [],
          "skipped": [],
          "duration": 38464,
          "root": false,
          "rootEmpty": false,
          "_timeout": 2000
        },
        {
          "uuid": "5c2d6639-5431-4ad1-b38a-bae24f226a50",
          "title": "11 - Limite o tamanho mínimo e máximo do board.",
          "fullFile": "",
          "file": "",
          "beforeHooks": [],
          "afterHooks": [],
          "tests": [
            {
              "title": "Verifica se a altura máxima do board é 50",
              "fullTitle": "11 - Limite o tamanho mínimo e máximo do board. Verifica se a altura máxima do board é 50",
              "timedOut": null,
              "duration": 4367,
              "state": "failed",
              "speed": null,
              "pass": false,
              "fail": true,
              "pending": false,
              "context": null,
              "code": "cy.get('#board-size').clear().type(50);\ncy.get('#generate-board').click();\ncy.get('.pixel').should('have.length', 2500);",
              "err": {
                "message": "CypressError: Timed out retrying: Expected to find element: '#board-size', but never found it.",
                "estack": "CypressError: Timed out retrying: Expected to find element: '#board-size', but never found it.\n    at cypressErr (http://localhost:46715/__cypress/runner/cypress_runner.js:149934:9)\n    at throwErr (http://localhost:46715/__cypress/runner/cypress_runner.js:149867:11)\n    at Object.throwErrByPath (http://localhost:46715/__cypress/runner/cypress_runner.js:149915:3)\n    at retry (http://localhost:46715/__cypress/runner/cypress_runner.js:144197:19)\n    at onFailFn (http://localhost:46715/__cypress/runner/cypress_runner.js:132448:16)\n    at tryCatcher (http://localhost:46715/__cypress/runner/cypress_runner.js:167415:23)\n    at Promise._settlePromiseFromHandler (http://localhost:46715/__cypress/runner/cypress_runner.js:165351:31)\n    at Promise._settlePromise (http://localhost:46715/__cypress/runner/cypress_runner.js:165408:18)\n    at Promise._settlePromise0 (http://localhost:46715/__cypress/runner/cypress_runner.js:165453:10)\n    at Promise._settlePromises (http://localhost:46715/__cypress/runner/cypress_runner.js:165528:18)\n    at Async../node_modules/bluebird/js/release/async.js.Async._drainQueue (http://localhost:46715/__cypress/runner/cypress_runner.js:162140:16)\n    at Async../node_modules/bluebird/js/release/async.js.Async._drainQueues (http://localhost:46715/__cypress/runner/cypress_runner.js:162150:10)\n    at Async.drainQueues (http://localhost:46715/__cypress/runner/cypress_runner.js:162024:14)",
                "diff": null
              },
              "uuid": "1ca2e9b4-d70e-45b9-b2ed-1f80fb5f0f2c",
              "parentUUID": "5c2d6639-5431-4ad1-b38a-bae24f226a50",
              "isHook": false,
              "skipped": false
            },
            {
              "title": "Verifica se a altura do board é 5 quando um valor menor é colocado no input",
              "fullTitle": "11 - Limite o tamanho mínimo e máximo do board. Verifica se a altura do board é 5 quando um valor menor é colocado no input",
              "timedOut": null,
              "duration": 4268,
              "state": "failed",
              "speed": null,
              "pass": false,
              "fail": true,
              "pending": false,
              "context": null,
              "code": "cy.get('#board-size').clear().type(4);\ncy.get('#generate-board').click();\ncy.get('.pixel').should('have.length', 25);",
              "err": {
                "message": "CypressError: Timed out retrying: Expected to find element: '#board-size', but never found it.",
                "estack": "CypressError: Timed out retrying: Expected to find element: '#board-size', but never found it.\n    at cypressErr (http://localhost:46715/__cypress/runner/cypress_runner.js:149934:9)\n    at throwErr (http://localhost:46715/__cypress/runner/cypress_runner.js:149867:11)\n    at Object.throwErrByPath (http://localhost:46715/__cypress/runner/cypress_runner.js:149915:3)\n    at retry (http://localhost:46715/__cypress/runner/cypress_runner.js:144197:19)\n    at onFailFn (http://localhost:46715/__cypress/runner/cypress_runner.js:132448:16)\n    at tryCatcher (http://localhost:46715/__cypress/runner/cypress_runner.js:167415:23)\n    at Promise._settlePromiseFromHandler (http://localhost:46715/__cypress/runner/cypress_runner.js:165351:31)\n    at Promise._settlePromise (http://localhost:46715/__cypress/runner/cypress_runner.js:165408:18)\n    at Promise._settlePromise0 (http://localhost:46715/__cypress/runner/cypress_runner.js:165453:10)\n    at Promise._settlePromises (http://localhost:46715/__cypress/runner/cypress_runner.js:165528:18)\n    at Async../node_modules/bluebird/js/release/async.js.Async._drainQueue (http://localhost:46715/__cypress/runner/cypress_runner.js:162140:16)\n    at Async../node_modules/bluebird/js/release/async.js.Async._drainQueues (http://localhost:46715/__cypress/runner/cypress_runner.js:162150:10)\n    at Async.drainQueues (http://localhost:46715/__cypress/runner/cypress_runner.js:162024:14)",
                "diff": null
              },
              "uuid": "a1884b79-552c-45e6-8d7f-b8707a084038",
              "parentUUID": "5c2d6639-5431-4ad1-b38a-bae24f226a50",
              "isHook": false,
              "skipped": false
            },
            {
              "title": "Verifica se a altura do board é 50 quando um valor maior é colocado no input",
              "fullTitle": "11 - Limite o tamanho mínimo e máximo do board. Verifica se a altura do board é 50 quando um valor maior é colocado no input",
              "timedOut": null,
              "duration": 4353,
              "state": "failed",
              "speed": null,
              "pass": false,
              "fail": true,
              "pending": false,
              "context": null,
              "code": "cy.get('#board-size').clear().type(51);\ncy.get('#generate-board').click();\ncy.get('.pixel').should('have.length', 2500);",
              "err": {
                "message": "CypressError: Timed out retrying: Expected to find element: '#board-size', but never found it.",
                "estack": "CypressError: Timed out retrying: Expected to find element: '#board-size', but never found it.\n    at cypressErr (http://localhost:46715/__cypress/runner/cypress_runner.js:149934:9)\n    at throwErr (http://localhost:46715/__cypress/runner/cypress_runner.js:149867:11)\n    at Object.throwErrByPath (http://localhost:46715/__cypress/runner/cypress_runner.js:149915:3)\n    at retry (http://localhost:46715/__cypress/runner/cypress_runner.js:144197:19)\n    at onFailFn (http://localhost:46715/__cypress/runner/cypress_runner.js:132448:16)\n    at tryCatcher (http://localhost:46715/__cypress/runner/cypress_runner.js:167415:23)\n    at Promise._settlePromiseFromHandler (http://localhost:46715/__cypress/runner/cypress_runner.js:165351:31)\n    at Promise._settlePromise (http://localhost:46715/__cypress/runner/cypress_runner.js:165408:18)\n    at Promise._settlePromise0 (http://localhost:46715/__cypress/runner/cypress_runner.js:165453:10)\n    at Promise._settlePromises (http://localhost:46715/__cypress/runner/cypress_runner.js:165528:18)\n    at Async../node_modules/bluebird/js/release/async.js.Async._drainQueue (http://localhost:46715/__cypress/runner/cypress_runner.js:162140:16)\n    at Async../node_modules/bluebird/js/release/async.js.Async._drainQueues (http://localhost:46715/__cypress/runner/cypress_runner.js:162150:10)\n    at Async.drainQueues (http://localhost:46715/__cypress/runner/cypress_runner.js:162024:14)",
                "diff": null
              },
              "uuid": "9d714eeb-b03f-4865-b5d3-2da2ee8f2c25",
              "parentUUID": "5c2d6639-5431-4ad1-b38a-bae24f226a50",
              "isHook": false,
              "skipped": false
            }
          ],
          "suites": [],
          "passes": [],
          "failures": [
            "1ca2e9b4-d70e-45b9-b2ed-1f80fb5f0f2c",
            "a1884b79-552c-45e6-8d7f-b8707a084038",
            "9d714eeb-b03f-4865-b5d3-2da2ee8f2c25"
          ],
          "pending": [],
          "skipped": [],
          "duration": 12988,
          "root": false,
          "rootEmpty": false,
          "_timeout": 2000
        },
        {
          "uuid": "02a91753-1ab7-4365-b6ec-d76740bad608",
          "title": "12 - Faça com que as cores da paleta sejam geradas aleatoriamente ao carregar a página.",
          "fullFile": "",
          "file": "",
          "beforeHooks": [],
          "afterHooks": [],
          "tests": [
            {
              "title": "Verifica se as cores geradas na paleta são diferentes a cada carregamento da página",
              "fullTitle": "12 - Faça com que as cores da paleta sejam geradas aleatoriamente ao carregar a página. Verifica se as cores geradas na paleta são diferentes a cada carregamento da página",
              "timedOut": null,
              "duration": 285,
              "state": "failed",
              "speed": null,
              "pass": false,
              "fail": true,
              "pending": false,
              "context": null,
              "code": "cy.get('.color').then(function (colors) {\n  var currentColors;\n  var previousColors;\n  previousColors = Array.from(colors).map(function (color) {\n    return Cypress.$(color).css('background-color');\n  });\n  for (var i = 0; i < 5; i += 1) {\n    cy.reload();\n    cy.get('.color').then(function (colors) {\n      currentColors = Array.from(colors).map(function (color) {\n        return Cypress.$(color).css('background-color');\n      });\n      expect(currentColors).not.to.deep.equal(previousColors);\n      previousColors = currentColors;\n    });\n  }\n});",
              "err": {
                "message": "AssertionError: expected [ Array(4) ] to not deeply equal [ Array(4) ]",
                "estack": "AssertionError: expected [ Array(4) ] to not deeply equal [ Array(4) ]\n    at getRet (http://localhost:46715/__cypress/runner/cypress_runner.js:136585:16)\n    at tryCatcher (http://localhost:46715/__cypress/runner/cypress_runner.js:167415:23)\n    at Function.Promise.attempt.Promise.try (http://localhost:46715/__cypress/runner/cypress_runner.js:164690:29)\n    at Context.thenFn (http://localhost:46715/__cypress/runner/cypress_runner.js:136599:23)\n    at Context.then (http://localhost:46715/__cypress/runner/cypress_runner.js:136971:21)\n    at Context.<anonymous> (http://localhost:46715/__cypress/runner/cypress_runner.js:148875:21)\n    at http://localhost:46715/__cypress/runner/cypress_runner.js:148351:33\n    at tryCatcher (http://localhost:46715/__cypress/runner/cypress_runner.js:167415:23)\n    at Promise._settlePromiseFromHandler (http://localhost:46715/__cypress/runner/cypress_runner.js:165351:31)\n    at Promise._settlePromise (http://localhost:46715/__cypress/runner/cypress_runner.js:165408:18)\n    at Promise._settlePromiseCtx (http://localhost:46715/__cypress/runner/cypress_runner.js:165445:10)\n    at Async../node_modules/bluebird/js/release/async.js.Async._drainQueue (http://localhost:46715/__cypress/runner/cypress_runner.js:162145:12)\n    at Async../node_modules/bluebird/js/release/async.js.Async._drainQueues (http://localhost:46715/__cypress/runner/cypress_runner.js:162150:10)\n    at Async.drainQueues (http://localhost:46715/__cypress/runner/cypress_runner.js:162024:14)",
                "diff": ""
              },
              "uuid": "04b8413c-efdb-42b7-96fa-fb87f0d3139c",
              "parentUUID": "02a91753-1ab7-4365-b6ec-d76740bad608",
              "isHook": false,
              "skipped": false
            },
            {
              "title": "Verifica se a cor preta ainda está presente e é a primeira na sua paleta de cores",
              "fullTitle": "12 - Faça com que as cores da paleta sejam geradas aleatoriamente ao carregar a página. Verifica se a cor preta ainda está presente e é a primeira na sua paleta de cores",
              "timedOut": null,
              "duration": 279,
              "state": "failed",
              "speed": null,
              "pass": false,
              "fail": true,
              "pending": false,
              "context": null,
              "code": "cy.get('.color').then(function (colors) {\n  var currentColors;\n  var previousColors;\n  previousColors = Array.from(colors).map(function (color) {\n    return Cypress.$(color).css('background-color');\n  });\n  expect(previousColors[0]).to.eq(BLACK);\n  for (var i = 0; i < 5; i += 1) {\n    cy.reload();\n    cy.get('.color').then(function (colors) {\n      currentColors = Array.from(colors).map(function (color) {\n        return Cypress.$(color).css('background-color');\n      });\n      expect(currentColors[0]).to.eq(BLACK);\n      expect(currentColors).not.to.deep.equal(previousColors);\n      previousColors = currentColors;\n    });\n  }\n});",
              "err": {
                "message": "AssertionError: expected [ Array(4) ] to not deeply equal [ Array(4) ]",
                "estack": "AssertionError: expected [ Array(4) ] to not deeply equal [ Array(4) ]\n    at getRet (http://localhost:46715/__cypress/runner/cypress_runner.js:136585:16)\n    at tryCatcher (http://localhost:46715/__cypress/runner/cypress_runner.js:167415:23)\n    at Function.Promise.attempt.Promise.try (http://localhost:46715/__cypress/runner/cypress_runner.js:164690:29)\n    at Context.thenFn (http://localhost:46715/__cypress/runner/cypress_runner.js:136599:23)\n    at Context.then (http://localhost:46715/__cypress/runner/cypress_runner.js:136971:21)\n    at Context.<anonymous> (http://localhost:46715/__cypress/runner/cypress_runner.js:148875:21)\n    at http://localhost:46715/__cypress/runner/cypress_runner.js:148351:33\n    at tryCatcher (http://localhost:46715/__cypress/runner/cypress_runner.js:167415:23)\n    at Promise._settlePromiseFromHandler (http://localhost:46715/__cypress/runner/cypress_runner.js:165351:31)\n    at Promise._settlePromise (http://localhost:46715/__cypress/runner/cypress_runner.js:165408:18)\n    at Promise._settlePromiseCtx (http://localhost:46715/__cypress/runner/cypress_runner.js:165445:10)\n    at Async../node_modules/bluebird/js/release/async.js.Async._drainQueue (http://localhost:46715/__cypress/runner/cypress_runner.js:162145:12)\n    at Async../node_modules/bluebird/js/release/async.js.Async._drainQueues (http://localhost:46715/__cypress/runner/cypress_runner.js:162150:10)\n    at Async.drainQueues (http://localhost:46715/__cypress/runner/cypress_runner.js:162024:14)",
                "diff": ""
              },
              "uuid": "c2667832-997e-49a4-a2e8-df0e64077e2f",
              "parentUUID": "02a91753-1ab7-4365-b6ec-d76740bad608",
              "isHook": false,
              "skipped": false
            }
          ],
          "suites": [],
          "passes": [],
          "failures": [
            "04b8413c-efdb-42b7-96fa-fb87f0d3139c",
            "c2667832-997e-49a4-a2e8-df0e64077e2f"
          ],
          "pending": [],
          "skipped": [],
          "duration": 564,
          "root": false,
          "rootEmpty": false,
          "_timeout": 2000
        }
      ],
      "passes": [],
      "failures": [],
      "pending": [],
      "skipped": [],
      "duration": 0,
      "root": true,
      "rootEmpty": true,
      "_timeout": 2000
    }
  ],
  "meta": {
    "mocha": {
      "version": "7.0.1"
    },
    "mochawesome": {
      "options": {
        "quiet": false,
        "reportFilename": "mochawesome",
        "saveHtml": false,
        "saveJson": true,
        "consoleReporter": "spec",
        "useInlineDiffs": false
      },
      "version": "4.1.0"
    },
    "marge": {
      "options": {
        "id": "default",
        "reportDir": "cypress/reports",
        "overwrite": true,
        "html": false,
        "json": true
      },
      "version": "4.1.0"
    }
  }
}